<?xml version="1.0" encoding="UTF-8"?>
<!-- Generated by org.testng.reporters.JUnitXMLReporter -->
<testsuite hostname="DESKTOP-T7322OL" name="Default test" tests="5" failures="0" timestamp="26 Jul 2018 07:57:05 GMT" time="1.263" errors="0">
  <testcase name="Registration_data" time="0.016" classname="practiceTestCases.DataProviderWithExcel_001"/>
  <testcase name="Registration_data" time="0.005" classname="practiceTestCases.DataProviderWithExcel_001"/>
  <testcase name="Registration_data" time="0.023" classname="practiceTestCases.DataProviderWithExcel_001"/>
  <testcase name="Registration_data" time="0.003" classname="practiceTestCases.DataProviderWithExcel_001"/>
  <testcase name="Registration_data" time="0.004" classname="practiceTestCases.DataProviderWithExcel_001"/>
</testsuite> <!-- Default test -->
