<?xml version="1.0" encoding="UTF-8"?>
<!-- Generated by org.testng.reporters.JUnitXMLReporter -->
<testsuite hostname="DESKTOP-T7322OL" name="Default test" tests="5" failures="0" timestamp="16 Apr 2018 16:35:28 GMT" time="1.283" errors="0">
  <testcase name="Registration_data" time="0.016" classname="practiceTestCases.DataProviderWithExcel_001"/>
  <testcase name="Registration_data" time="0.003" classname="practiceTestCases.DataProviderWithExcel_001"/>
  <testcase name="Registration_data" time="0.014" classname="practiceTestCases.DataProviderWithExcel_001"/>
  <testcase name="Registration_data" time="0.003" classname="practiceTestCases.DataProviderWithExcel_001"/>
  <testcase name="Registration_data" time="0.007" classname="practiceTestCases.DataProviderWithExcel_001"/>
</testsuite> <!-- Default test -->
