<?xml version="1.0" encoding="UTF-8"?>
<!-- Generated by org.testng.reporters.JUnitXMLReporter -->
<testsuite hostname="DESKTOP-T7322OL" name="FirefoxTest" tests="1" failures="0" timestamp="19 May 2018 12:40:15 GMT" time="52.543" errors="0">
  <testcase name="@BeforeTest beforeTest" time="0.0" classname="sample.Cross">
    <failure type="org.openqa.selenium.WebDriverException" message="Failed to connect to binary FirefoxBinary(C:\Program Files\Mozilla Firefox\firefox.exe) on port 7055; process output follows: 
 addon app-global:{972ce4c6-7e08-4474-a285-3208198ce6fd} visible
1526733593362	DeferredSave.extensions.json	DEBUG	Save changes
1526733593362	addons.xpi	DEBUG	Updating XPIState for {&amp;quot;id&amp;quot;:&amp;quot;fxdriver@googlecode.com&amp;quot;,&amp;quot;syncGUID&amp;quot;:&amp;quot;-GKSwgLqmnao&amp;quot;,&amp;quot;location&amp;quot;:&amp;quot;app-profile&amp;quot;,&amp;quot;version&amp;quot;:&amp;quot;2.53.1&amp;quot;,&amp;quot;type&amp;quot;:&amp;quot;extension&amp;quot;,&amp;quot;internalName&amp;quot;:null,&amp;quot;updateURL&amp;quot;:null,&amp;quot;updateKey&amp;quot;:null,&amp;quot;optionsURL&amp;quot;:null,&amp;quot;optionsType&amp;quot;:null,&amp;quot;aboutURL&amp;quot;:null,&amp;quot;iconURL&amp;quot;:null,&amp;quot;icon64URL&amp;quot;:null,&amp;quot;defaultLocale&amp;quot;:{&amp;quot;name&amp;quot;:&amp;quot;Firefox WebDriver&amp;quot;,&amp;quot;description&amp;quot;:&amp;quot;WebDriver implementation for Firefox&amp;quot;,&amp;quot;creator&amp;quot;:&amp;quot;Simon Stewart&amp;quot;,&amp;quot;homepageURL&amp;quot;:null},&amp;quot;visible&amp;quot;:true,&amp;quot;active&amp;quot;:true,&amp;quot;userDisabled&amp;quot;:false,&amp;quot;appDisabled&amp;quot;:false,&amp;quot;descriptor&amp;quot;:&amp;quot;C:\\Users\\Hussain\\AppData\\Local\\Temp\\anonymous4140465451994207999webdriver-profile\\extensions\\fxdriver@googlecode.com&amp;quot;,&amp;quot;installDate&amp;quot;:1526733564733,&amp;quot;updateDate&amp;quot;:1526733564733,&amp;quot;applyBackgroundUpdates&amp;quot;:1,&amp;quot;bootstrap&amp;quot;:false,&amp;quot;size&amp;quot;:3249525,&amp;quot;sourceURI&amp;quot;:null,&amp;quot;releaseNotesURI&amp;quot;:null,&amp;quot;softDisabled&amp;quot;:false,&amp;quot;foreignInstall&amp;quot;:true,&amp;quot;hasBinaryComponents&amp;quot;:true,&amp;quot;strictCompatibility&amp;quot;:false,&amp;quot;locales&amp;quot;:[],&amp;quot;targetApplications&amp;quot;:[{&amp;quot;id&amp;quot;:&amp;quot;{ec8030f7-c20a-464f-9b0e-13a3a9e97384}&amp;quot;,&amp;quot;minVersion&amp;quot;:&amp;quot;3.0&amp;quot;,&amp;quot;maxVersion&amp;quot;:&amp;quot;48.0&amp;quot;}],&amp;quot;targetPlatforms&amp;quot;:[{&amp;quot;os&amp;quot;:&amp;quot;Darwin&amp;quot;,&amp;quot;abi&amp;quot;:null},{&amp;quot;os&amp;quot;:&amp;quot;SunOS&amp;quot;,&amp;quot;abi&amp;quot;:null},{&amp;quot;os&amp;quot;:&amp;quot;FreeBSD&amp;quot;,&amp;quot;abi&amp;quot;:null},{&amp;quot;os&amp;quot;:&amp;quot;OpenBSD&amp;quot;,&amp;quot;abi&amp;quot;:null},{&amp;quot;os&amp;quot;:&amp;quot;WINNT&amp;quot;,&amp;quot;abi&amp;quot;:null},{&amp;quot;os&amp;quot;:&amp;quot;Linux&amp;quot;,&amp;quot;abi&amp;quot;:null}],&amp;quot;multiprocessCompatible&amp;quot;:false,&amp;quot;signedState&amp;quot;:0}
1526733593363	addons.xpi	DEBUG	getModTime: Recursive scan of fxdriver@googlecode.com
1526733593423	addons.xpi	DEBUG	Updating XPIState for {&amp;quot;id&amp;quot;:&amp;quot;{972ce4c6-7e08-4474-a285-3208198ce6fd}&amp;quot;,&amp;quot;syncGUID&amp;quot;:&amp;quot;OAvIzMiyC8zv&amp;quot;,&amp;quot;location&amp;quot;:&amp;quot;app-global&amp;quot;,&amp;quot;version&amp;quot;:&amp;quot;43.0.4&amp;quot;,&amp;quot;type&amp;quot;:&amp;quot;theme&amp;quot;,&amp;quot;internalName&amp;quot;:&amp;quot;classic/1.0&amp;quot;,&amp;quot;updateURL&amp;quot;:null,&amp;quot;updateKey&amp;quot;:null,&amp;quot;optionsURL&amp;quot;:null,&amp;quot;optionsType&amp;quot;:null,&amp;quot;aboutURL&amp;quot;:null,&amp;quot;iconURL&amp;quot;:null,&amp;quot;icon64URL&amp;quot;:null,&amp;quot;defaultLocale&amp;quot;:{&amp;quot;name&amp;quot;:&amp;quot;Default&amp;quot;,&amp;quot;description&amp;quot;:&amp;quot;The default theme.&amp;quot;,&amp;quot;creator&amp;quot;:&amp;quot;Mozilla&amp;quot;,&amp;quot;homepageURL&amp;quot;:null,&amp;quot;contributors&amp;quot;:[&amp;quot;Mozilla Contributors&amp;quot;]},&amp;quot;visible&amp;quot;:true,&amp;quot;active&amp;quot;:true,&amp;quot;userDisabled&amp;quot;:false,&amp;quot;appDisabled&amp;quot;:false,&amp;quot;descriptor&amp;quot;:&amp;quot;C:\\Program Files\\Mozilla Firefox\\browser\\extensions\\{972ce4c6-7e08-4474-a285-3208198ce6fd}&amp;quot;,&amp;quot;installDate&amp;quot;:1523247551202,&amp;quot;updateDate&amp;quot;:1523247551202,&amp;quot;applyBackgroundUpdates&amp;quot;:1,&amp;quot;skinnable&amp;quot;:true,&amp;quot;size&amp;quot;:24172,&amp;quot;sourceURI&amp;quot;:null,&amp;quot;releaseNotesURI&amp;quot;:null,&amp;quot;softDisabled&amp;quot;:false,&amp;quot;foreignInstall&amp;quot;:false,&amp;quot;hasBinaryComponents&amp;quot;:false,&amp;quot;strictCompatibility&amp;quot;:true,&amp;quot;locales&amp;quot;:[],&amp;quot;targetApplications&amp;quot;:[{&amp;quot;id&amp;quot;:&amp;quot;{ec8030f7-c20a-464f-9b0e-13a3a9e97384}&amp;quot;,&amp;quot;minVersion&amp;quot;:&amp;quot;43.0.4&amp;quot;,&amp;quot;maxVersion&amp;quot;:&amp;quot;43.0.4&amp;quot;}],&amp;quot;targetPlatforms&amp;quot;:[]}
1526733593426	addons.xpi	DEBUG	getModTime: Recursive scan of {972ce4c6-7e08-4474-a285-3208198ce6fd}
1526733593429	DeferredSave.extensions.json	DEBUG	Save changes
1526733593429	addons.xpi	DEBUG	Updating database with changes to installed add-ons
1526733593429	addons.xpi-utils	DEBUG	Updating add-on states
1526733593432	addons.xpi-utils	DEBUG	Writing add-ons list
1526733593456	addons.manager	DEBUG	Registering shutdown blocker for XPIProvider
1526733593532	addons.manager	DEBUG	Provider finished startup: XPIProvider
1526733593532	addons.manager	DEBUG	Starting provider: LightweightThemeManager
1526733593532	addons.manager	DEBUG	Registering shutdown blocker for LightweightThemeManager
1526733593533	addons.manager	DEBUG	Provider finished startup: LightweightThemeManager
1526733593533	addons.manager	DEBUG	Starting provider: GMPProvider
1526733593651	addons.manager	DEBUG	Registering shutdown blocker for GMPProvider
1526733593652	addons.manager	DEBUG	Provider finished startup: GMPProvider
1526733593652	addons.manager	DEBUG	Starting provider: PluginProvider
1526733593653	addons.manager	DEBUG	Registering shutdown blocker for PluginProvider
1526733593653	addons.manager	DEBUG	Provider finished startup: PluginProvider
1526733593654	addons.manager	DEBUG	Completed startup sequence
1526733606768	addons.manager	DEBUG	Starting provider: &amp;lt;unnamed-provider&amp;gt;
1526733606768	addons.manager	DEBUG	Registering shutdown blocker for &amp;lt;unnamed-provider&amp;gt;
1526733606768	addons.manager	DEBUG	Provider finished startup: &amp;lt;unnamed-provider&amp;gt;

Build info: version: &amp;apos;2.53.1&amp;apos;, revision: &amp;apos;a36b8b1cd5757287168e54b817830adce9b0158d&amp;apos;, time: &amp;apos;2016-06-30 19:26:09&amp;apos;
System info: host: &amp;apos;DESKTOP-T7322OL&amp;apos;, ip: &amp;apos;192.168.1.6&amp;apos;, os.name: &amp;apos;Windows 10&amp;apos;, os.arch: &amp;apos;amd64&amp;apos;, os.version: &amp;apos;10.0&amp;apos;, java.version: &amp;apos;1.8.0_121&amp;apos;
Driver info: driver.version: FirefoxDriver">
      <![CDATA[org.openqa.selenium.WebDriverException: Failed to connect to binary FirefoxBinary(C:\Program Files\Mozilla Firefox\firefox.exe) on port 7055; process output follows: 
 addon app-global:{972ce4c6-7e08-4474-a285-3208198ce6fd} visible
1526733593362	DeferredSave.extensions.json	DEBUG	Save changes
1526733593362	addons.xpi	DEBUG	Updating XPIState for {"id":"fxdriver@googlecode.com","syncGUID":"-GKSwgLqmnao","location":"app-profile","version":"2.53.1","type":"extension","internalName":null,"updateURL":null,"updateKey":null,"optionsURL":null,"optionsType":null,"aboutURL":null,"iconURL":null,"icon64URL":null,"defaultLocale":{"name":"Firefox WebDriver","description":"WebDriver implementation for Firefox","creator":"Simon Stewart","homepageURL":null},"visible":true,"active":true,"userDisabled":false,"appDisabled":false,"descriptor":"C:\\Users\\Hussain\\AppData\\Local\\Temp\\anonymous4140465451994207999webdriver-profile\\extensions\\fxdriver@googlecode.com","installDate":1526733564733,"updateDate":1526733564733,"applyBackgroundUpdates":1,"bootstrap":false,"size":3249525,"sourceURI":null,"releaseNotesURI":null,"softDisabled":false,"foreignInstall":true,"hasBinaryComponents":true,"strictCompatibility":false,"locales":[],"targetApplications":[{"id":"{ec8030f7-c20a-464f-9b0e-13a3a9e97384}","minVersion":"3.0","maxVersion":"48.0"}],"targetPlatforms":[{"os":"Darwin","abi":null},{"os":"SunOS","abi":null},{"os":"FreeBSD","abi":null},{"os":"OpenBSD","abi":null},{"os":"WINNT","abi":null},{"os":"Linux","abi":null}],"multiprocessCompatible":false,"signedState":0}
1526733593363	addons.xpi	DEBUG	getModTime: Recursive scan of fxdriver@googlecode.com
1526733593423	addons.xpi	DEBUG	Updating XPIState for {"id":"{972ce4c6-7e08-4474-a285-3208198ce6fd}","syncGUID":"OAvIzMiyC8zv","location":"app-global","version":"43.0.4","type":"theme","internalName":"classic/1.0","updateURL":null,"updateKey":null,"optionsURL":null,"optionsType":null,"aboutURL":null,"iconURL":null,"icon64URL":null,"defaultLocale":{"name":"Default","description":"The default theme.","creator":"Mozilla","homepageURL":null,"contributors":["Mozilla Contributors"]},"visible":true,"active":true,"userDisabled":false,"appDisabled":false,"descriptor":"C:\\Program Files\\Mozilla Firefox\\browser\\extensions\\{972ce4c6-7e08-4474-a285-3208198ce6fd}","installDate":1523247551202,"updateDate":1523247551202,"applyBackgroundUpdates":1,"skinnable":true,"size":24172,"sourceURI":null,"releaseNotesURI":null,"softDisabled":false,"foreignInstall":false,"hasBinaryComponents":false,"strictCompatibility":true,"locales":[],"targetApplications":[{"id":"{ec8030f7-c20a-464f-9b0e-13a3a9e97384}","minVersion":"43.0.4","maxVersion":"43.0.4"}],"targetPlatforms":[]}
1526733593426	addons.xpi	DEBUG	getModTime: Recursive scan of {972ce4c6-7e08-4474-a285-3208198ce6fd}
1526733593429	DeferredSave.extensions.json	DEBUG	Save changes
1526733593429	addons.xpi	DEBUG	Updating database with changes to installed add-ons
1526733593429	addons.xpi-utils	DEBUG	Updating add-on states
1526733593432	addons.xpi-utils	DEBUG	Writing add-ons list
1526733593456	addons.manager	DEBUG	Registering shutdown blocker for XPIProvider
1526733593532	addons.manager	DEBUG	Provider finished startup: XPIProvider
1526733593532	addons.manager	DEBUG	Starting provider: LightweightThemeManager
1526733593532	addons.manager	DEBUG	Registering shutdown blocker for LightweightThemeManager
1526733593533	addons.manager	DEBUG	Provider finished startup: LightweightThemeManager
1526733593533	addons.manager	DEBUG	Starting provider: GMPProvider
1526733593651	addons.manager	DEBUG	Registering shutdown blocker for GMPProvider
1526733593652	addons.manager	DEBUG	Provider finished startup: GMPProvider
1526733593652	addons.manager	DEBUG	Starting provider: PluginProvider
1526733593653	addons.manager	DEBUG	Registering shutdown blocker for PluginProvider
1526733593653	addons.manager	DEBUG	Provider finished startup: PluginProvider
1526733593654	addons.manager	DEBUG	Completed startup sequence
1526733606768	addons.manager	DEBUG	Starting provider: <unnamed-provider>
1526733606768	addons.manager	DEBUG	Registering shutdown blocker for <unnamed-provider>
1526733606768	addons.manager	DEBUG	Provider finished startup: <unnamed-provider>

Build info: version: '2.53.1', revision: 'a36b8b1cd5757287168e54b817830adce9b0158d', time: '2016-06-30 19:26:09'
System info: host: 'DESKTOP-T7322OL', ip: '192.168.1.6', os.name: 'Windows 10', os.arch: 'amd64', os.version: '10.0', java.version: '1.8.0_121'
Driver info: driver.version: FirefoxDriver
	at org.openqa.selenium.firefox.internal.NewProfileExtensionConnection.start(NewProfileExtensionConnection.java:125)
	at org.openqa.selenium.firefox.FirefoxDriver.startClient(FirefoxDriver.java:271)
	at org.openqa.selenium.remote.RemoteWebDriver.<init>(RemoteWebDriver.java:119)
	at org.openqa.selenium.firefox.FirefoxDriver.<init>(FirefoxDriver.java:216)
	at org.openqa.selenium.firefox.FirefoxDriver.<init>(FirefoxDriver.java:211)
	at org.openqa.selenium.firefox.FirefoxDriver.<init>(FirefoxDriver.java:207)
	at org.openqa.selenium.firefox.FirefoxDriver.<init>(FirefoxDriver.java:120)
	at sample.Cross.beforeTest(Cross.java:39)
	at java.util.concurrent.FutureTask.run(Unknown Source)
	at java.util.concurrent.ThreadPoolExecutor.runWorker(Unknown Source)
	at java.util.concurrent.ThreadPoolExecutor$Worker.run(Unknown Source)
	at java.lang.Thread.run(Unknown Source)
Caused by: org.openqa.selenium.firefox.NotConnectedException: Unable to connect to host 127.0.0.1 on port 7055 after 45000 ms. Firefox console output:
 addon app-global:{972ce4c6-7e08-4474-a285-3208198ce6fd} visible
1526733593362	DeferredSave.extensions.json	DEBUG	Save changes
1526733593362	addons.xpi	DEBUG	Updating XPIState for {"id":"fxdriver@googlecode.com","syncGUID":"-GKSwgLqmnao","location":"app-profile","version":"2.53.1","type":"extension","internalName":null,"updateURL":null,"updateKey":null,"optionsURL":null,"optionsType":null,"aboutURL":null,"iconURL":null,"icon64URL":null,"defaultLocale":{"name":"Firefox WebDriver","description":"WebDriver implementation for Firefox","creator":"Simon Stewart","homepageURL":null},"visible":true,"active":true,"userDisabled":false,"appDisabled":false,"descriptor":"C:\\Users\\Hussain\\AppData\\Local\\Temp\\anonymous4140465451994207999webdriver-profile\\extensions\\fxdriver@googlecode.com","installDate":1526733564733,"updateDate":1526733564733,"applyBackgroundUpdates":1,"bootstrap":false,"size":3249525,"sourceURI":null,"releaseNotesURI":null,"softDisabled":false,"foreignInstall":true,"hasBinaryComponents":true,"strictCompatibility":false,"locales":[],"targetApplications":[{"id":"{ec8030f7-c20a-464f-9b0e-13a3a9e97384}","minVersion":"3.0","maxVersion":"48.0"}],"targetPlatforms":[{"os":"Darwin","abi":null},{"os":"SunOS","abi":null},{"os":"FreeBSD","abi":null},{"os":"OpenBSD","abi":null},{"os":"WINNT","abi":null},{"os":"Linux","abi":null}],"multiprocessCompatible":false,"signedState":0}
1526733593363	addons.xpi	DEBUG	getModTime: Recursive scan of fxdriver@googlecode.com
1526733593423	addons.xpi	DEBUG	Updating XPIState for {"id":"{972ce4c6-7e08-4474-a285-3208198ce6fd}","syncGUID":"OAvIzMiyC8zv","location":"app-global","version":"43.0.4","type":"theme","internalName":"classic/1.0","updateURL":null,"updateKey":null,"optionsURL":null,"optionsType":null,"aboutURL":null,"iconURL":null,"icon64URL":null,"defaultLocale":{"name":"Default","description":"The default theme.","creator":"Mozilla","homepageURL":null,"contributors":["Mozilla Contributors"]},"visible":true,"active":true,"userDisabled":false,"appDisabled":false,"descriptor":"C:\\Program Files\\Mozilla Firefox\\browser\\extensions\\{972ce4c6-7e08-4474-a285-3208198ce6fd}","installDate":1523247551202,"updateDate":1523247551202,"applyBackgroundUpdates":1,"skinnable":true,"size":24172,"sourceURI":null,"releaseNotesURI":null,"softDisabled":false,"foreignInstall":false,"hasBinaryComponents":false,"strictCompatibility":true,"locales":[],"targetApplications":[{"id":"{ec8030f7-c20a-464f-9b0e-13a3a9e97384}","minVersion":"43.0.4","maxVersion":"43.0.4"}],"targetPlatforms":[]}
1526733593426	addons.xpi	DEBUG	getModTime: Recursive scan of {972ce4c6-7e08-4474-a285-3208198ce6fd}
1526733593429	DeferredSave.extensions.json	DEBUG	Save changes
1526733593429	addons.xpi	DEBUG	Updating database with changes to installed add-ons
1526733593429	addons.xpi-utils	DEBUG	Updating add-on states
1526733593432	addons.xpi-utils	DEBUG	Writing add-ons list
1526733593456	addons.manager	DEBUG	Registering shutdown blocker for XPIProvider
1526733593532	addons.manager	DEBUG	Provider finished startup: XPIProvider
1526733593532	addons.manager	DEBUG	Starting provider: LightweightThemeManager
1526733593532	addons.manager	DEBUG	Registering shutdown blocker for LightweightThemeManager
1526733593533	addons.manager	DEBUG	Provider finished startup: LightweightThemeManager
1526733593533	addons.manager	DEBUG	Starting provider: GMPProvider
1526733593651	addons.manager	DEBUG	Registering shutdown blocker for GMPProvider
1526733593652	addons.manager	DEBUG	Provider finished startup: GMPProvider
1526733593652	addons.manager	DEBUG	Starting provider: PluginProvider
1526733593653	addons.manager	DEBUG	Registering shutdown blocker for PluginProvider
1526733593653	addons.manager	DEBUG	Provider finished startup: PluginProvider
1526733593654	addons.manager	DEBUG	Completed startup sequence
1526733606768	addons.manager	DEBUG	Starting provider: <unnamed-provider>
1526733606768	addons.manager	DEBUG	Registering shutdown blocker for <unnamed-provider>
1526733606768	addons.manager	DEBUG	Provider finished startup: <unnamed-provider>

	at org.openqa.selenium.firefox.internal.NewProfileExtensionConnection.start(NewProfileExtensionConnection.java:113)
	... 25 more
... Removed 14 stack frames]]>
    </failure>
  </testcase> <!-- @BeforeTest beforeTest -->
  <testcase name="@AfterTest afterTest" time="0.0" classname="sample.Cross">
    <skipped/>
  </testcase> <!-- @AfterTest afterTest -->
  <testcase name="gmail" time="0.0" classname="sample.Cross">
    <skipped/>
  </testcase> <!-- gmail -->
</testsuite> <!-- FirefoxTest -->
