<?xml version="1.0" encoding="UTF-8"?>
<!-- Generated by org.testng.reporters.JUnitXMLReporter -->
<testsuite hostname="DESKTOP-T7322OL" name="IETest" tests="1" failures="1" timestamp="5 Apr 2018 15:24:07 GMT" time="22.894" errors="0">
  <testcase name="gmail" time="0.0" classname="sample.Cross">
    <failure type="java.lang.NullPointerException">
      <![CDATA[java.lang.NullPointerException
	at sample.Cross.gmail(Cross.java:79)
	at java.util.concurrent.FutureTask.run(Unknown Source)
	at java.util.concurrent.ThreadPoolExecutor.runWorker(Unknown Source)
	at java.util.concurrent.ThreadPoolExecutor$Worker.run(Unknown Source)
	at java.lang.Thread.run(Unknown Source)
... Removed 16 stack frames]]>
    </failure>
  </testcase> <!-- gmail -->
</testsuite> <!-- IETest -->
