<?xml version="1.0" encoding="UTF-8"?>
<testng-results skipped="0" failed="2" total="3" passed="1">
  <reporter-output>
    <line>
      <![CDATA[About to begin executing Suite Suite]]>
    </line>
    <line>
      <![CDATA[About to begin executing Test FirefoxTest]]>
    </line>
    <line>
      <![CDATA[About to begin executing Test Chore tests]]>
    </line>
    <line>
      <![CDATA[About to begin executing Test IETest]]>
    </line>
    <line>
      <![CDATA[About to begin executing following method : Cross.beforeTest]]>
    </line>
    <line>
      <![CDATA[About to begin executing following method : Cross.beforeTest]]>
    </line>
    <line>
      <![CDATA[About to begin executing following method : Cross.beforeTest]]>
    </line>
    <line>
      <![CDATA[Completed executing following method : Cross.beforeTest]]>
    </line>
    <line>
      <![CDATA[About to begin executing following method : Cross.spicejet]]>
    </line>
    <line>
      <![CDATA[Completed executing following method : Cross.spicejet]]>
    </line>
    <line>
      <![CDATA[About to begin executing Suite Suite]]>
    </line>
    <line>
      <![CDATA[About to begin executing Test FirefoxTest]]>
    </line>
    <line>
      <![CDATA[About to begin executing Test Chore tests]]>
    </line>
    <line>
      <![CDATA[About to begin executing Test IETest]]>
    </line>
    <line>
      <![CDATA[About to begin executing following method : Cross.beforeTest]]>
    </line>
    <line>
      <![CDATA[About to begin executing following method : Cross.beforeTest]]>
    </line>
    <line>
      <![CDATA[About to begin executing following method : Cross.beforeTest]]>
    </line>
    <line>
      <![CDATA[Completed executing following method : Cross.beforeTest]]>
    </line>
    <line>
      <![CDATA[About to begin executing following method : Cross.gmail]]>
    </line>
    <line>
      <![CDATA[Completed executing following method : Cross.gmail]]>
    </line>
    <line>
      <![CDATA[Test Method resides in sample.Cross]]>
    </line>
    <line>
      <![CDATA[Test Status: Failed]]>
    </line>
    <line>
      <![CDATA[Test Method resides in sample.Cross]]>
    </line>
    <line>
      <![CDATA[Test Status: Failed]]>
    </line>
    <line>
      <![CDATA[About to begin executing following method : Cross.afterTest]]>
    </line>
    <line>
      <![CDATA[Completed executing following method : Cross.afterTest]]>
    </line>
    <line>
      <![CDATA[About to begin executing following method : Cross.afterTest]]>
    </line>
    <line>
      <![CDATA[Completed executing following method : Cross.afterTest]]>
    </line>
    <line>
      <![CDATA[About to begin executing Suite Suite]]>
    </line>
    <line>
      <![CDATA[About to begin executing Test FirefoxTest]]>
    </line>
    <line>
      <![CDATA[About to begin executing Test Chore tests]]>
    </line>
    <line>
      <![CDATA[About to begin executing Test IETest]]>
    </line>
    <line>
      <![CDATA[About to begin executing following method : Cross.beforeTest]]>
    </line>
    <line>
      <![CDATA[About to begin executing following method : Cross.beforeTest]]>
    </line>
    <line>
      <![CDATA[About to begin executing following method : Cross.beforeTest]]>
    </line>
    <line>
      <![CDATA[Completed executing following method : Cross.beforeTest]]>
    </line>
    <line>
      <![CDATA[About to begin executing following method : Cross.gmail]]>
    </line>
    <line>
      <![CDATA[Completed executing following method : Cross.gmail]]>
    </line>
    <line>
      <![CDATA[Test Method resides in sample.Cross]]>
    </line>
    <line>
      <![CDATA[Test Status: Pass]]>
    </line>
    <line>
      <![CDATA[About to begin executing following method : Cross.afterTest]]>
    </line>
    <line>
      <![CDATA[Completed executing following method : Cross.afterTest]]>
    </line>
  </reporter-output>
  <suite name="Suite" duration-ms="40219" started-at="2018-04-10T08:28:27Z" finished-at="2018-04-10T08:29:08Z">
    <groups>
    </groups>
    <test name="IETest" duration-ms="25552" started-at="2018-04-10T08:28:27Z" finished-at="2018-04-10T08:28:53Z">
      <class name="sample.Cross">
        <test-method status="PASS" signature="beforeTest(java.lang.String)[pri:0, instance:sample.Cross@6615435c]" name="beforeTest" is-config="true" duration-ms="25414" started-at="2018-04-10T13:58:27Z" finished-at="2018-04-10T13:58:53Z">
          <params>
            <param index="0">
              <value>
                <![CDATA[ie]]>
              </value>
            </param>
          </params>
          <reporter-output>
            <line>
              <![CDATA[Completed executing following method : Cross.beforeTest]]>
            </line>
          </reporter-output>
        </test-method> <!-- beforeTest -->
        <test-method status="FAIL" signature="gmail()[pri:0, instance:sample.Cross@6615435c]" name="gmail" duration-ms="1" started-at="2018-04-10T13:58:53Z" finished-at="2018-04-10T13:58:53Z">
          <exception class="java.lang.NullPointerException">
            <full-stacktrace>
              <![CDATA[java.lang.NullPointerException
	at sample.Cross.gmail(Cross.java:79)
	at sun.reflect.NativeMethodAccessorImpl.invoke0(Native Method)
	at sun.reflect.NativeMethodAccessorImpl.invoke(Unknown Source)
	at sun.reflect.DelegatingMethodAccessorImpl.invoke(Unknown Source)
	at java.lang.reflect.Method.invoke(Unknown Source)
	at org.testng.internal.MethodInvocationHelper.invokeMethod(MethodInvocationHelper.java:85)
	at org.testng.internal.Invoker.invokeMethod(Invoker.java:639)
	at org.testng.internal.Invoker.invokeTestMethod(Invoker.java:816)
	at org.testng.internal.Invoker.invokeTestMethods(Invoker.java:1124)
	at org.testng.internal.TestMethodWorker.invokeTestMethods(TestMethodWorker.java:125)
	at org.testng.internal.TestMethodWorker.run(TestMethodWorker.java:108)
	at org.testng.TestRunner.privateRun(TestRunner.java:774)
	at org.testng.TestRunner.run(TestRunner.java:624)
	at org.testng.SuiteRunner.runTest(SuiteRunner.java:359)
	at org.testng.SuiteRunner.access$000(SuiteRunner.java:39)
	at org.testng.SuiteRunner$SuiteWorker.run(SuiteRunner.java:393)
	at org.testng.internal.thread.ThreadUtil$2.call(ThreadUtil.java:64)
	at java.util.concurrent.FutureTask.run(Unknown Source)
	at java.util.concurrent.ThreadPoolExecutor.runWorker(Unknown Source)
	at java.util.concurrent.ThreadPoolExecutor$Worker.run(Unknown Source)
	at java.lang.Thread.run(Unknown Source)
]]>
            </full-stacktrace>
          </exception> <!-- java.lang.NullPointerException -->
          <reporter-output>
            <line>
              <![CDATA[Completed executing following method : Cross.gmail]]>
            </line>
            <line>
              <![CDATA[Test Method resides in sample.Cross]]>
            </line>
            <line>
              <![CDATA[Test Status: Failed]]>
            </line>
          </reporter-output>
        </test-method> <!-- gmail -->
        <test-method status="PASS" signature="afterTest()[pri:0, instance:sample.Cross@6615435c]" name="afterTest" is-config="true" duration-ms="1" started-at="2018-04-10T13:58:53Z" finished-at="2018-04-10T13:58:53Z">
          <reporter-output>
            <line>
              <![CDATA[Completed executing following method : Cross.afterTest]]>
            </line>
          </reporter-output>
        </test-method> <!-- afterTest -->
      </class> <!-- sample.Cross -->
    </test> <!-- IETest -->
    <test name="Chore tests" duration-ms="25574" started-at="2018-04-10T08:28:27Z" finished-at="2018-04-10T08:28:53Z">
      <class name="sample.Cross">
        <test-method status="PASS" signature="beforeTest(java.lang.String)[pri:0, instance:sample.Cross@4157f54e]" name="beforeTest" is-config="true" duration-ms="17989" started-at="2018-04-10T13:58:27Z" finished-at="2018-04-10T13:58:45Z">
          <params>
            <param index="0">
              <value>
                <![CDATA[chrome]]>
              </value>
            </param>
          </params>
          <reporter-output>
            <line>
              <![CDATA[Completed executing following method : Cross.beforeTest]]>
            </line>
          </reporter-output>
        </test-method> <!-- beforeTest -->
        <test-method status="FAIL" signature="spicejet()[pri:0, instance:sample.Cross@4157f54e]" name="spicejet" duration-ms="7395" started-at="2018-04-10T13:58:45Z" finished-at="2018-04-10T13:58:53Z">
          <exception class="org.openqa.selenium.WebDriverException">
            <message>
              <![CDATA[unknown error: Element <button type="button" class="ui-datepicker-trigger"></button> is not clickable at point (849, 239). Other element would receive the click: <span class="ui-icon ui-icon-circle-triangle-w">...</span>
  (Session info: chrome=65.0.3325.181)
  (Driver info: chromedriver=2.33.506120 (e3e53437346286c0bc2d2dc9aa4915ba81d9023f),platform=Windows NT 10.0.16299 x86_64) (WARNING: The server did not provide any stacktrace information)
Command duration or timeout: 241 milliseconds
Build info: version: '2.53.1', revision: 'a36b8b1cd5757287168e54b817830adce9b0158d', time: '2016-06-30 19:26:09'
System info: host: 'DESKTOP-T7322OL', ip: '192.168.43.165', os.name: 'Windows 10', os.arch: 'amd64', os.version: '10.0', java.version: '1.8.0_121'
Driver info: org.openqa.selenium.chrome.ChromeDriver
Capabilities [{applicationCacheEnabled=false, rotatable=false, mobileEmulationEnabled=false, networkConnectionEnabled=false, chrome={chromedriverVersion=2.33.506120 (e3e53437346286c0bc2d2dc9aa4915ba81d9023f), userDataDir=C:\Users\Hussain\AppData\Local\Temp\scoped_dir340_25261}, takesHeapSnapshot=true, pageLoadStrategy=normal, databaseEnabled=false, handlesAlerts=true, hasTouchScreen=false, version=65.0.3325.181, platform=XP, browserConnectionEnabled=false, nativeEvents=true, acceptSslCerts=true, locationContextEnabled=true, webStorageEnabled=true, browserName=chrome, takesScreenshot=true, javascriptEnabled=true, cssSelectorsEnabled=true, setWindowRect=true, unexpectedAlertBehaviour=}]
Session ID: fb46a7244e7ddb400a3b36b9f2ddc73a]]>
            </message>
            <full-stacktrace>
              <![CDATA[org.openqa.selenium.WebDriverException: unknown error: Element <button type="button" class="ui-datepicker-trigger"></button> is not clickable at point (849, 239). Other element would receive the click: <span class="ui-icon ui-icon-circle-triangle-w">...</span>
  (Session info: chrome=65.0.3325.181)
  (Driver info: chromedriver=2.33.506120 (e3e53437346286c0bc2d2dc9aa4915ba81d9023f),platform=Windows NT 10.0.16299 x86_64) (WARNING: The server did not provide any stacktrace information)
Command duration or timeout: 241 milliseconds
Build info: version: '2.53.1', revision: 'a36b8b1cd5757287168e54b817830adce9b0158d', time: '2016-06-30 19:26:09'
System info: host: 'DESKTOP-T7322OL', ip: '192.168.43.165', os.name: 'Windows 10', os.arch: 'amd64', os.version: '10.0', java.version: '1.8.0_121'
Driver info: org.openqa.selenium.chrome.ChromeDriver
Capabilities [{applicationCacheEnabled=false, rotatable=false, mobileEmulationEnabled=false, networkConnectionEnabled=false, chrome={chromedriverVersion=2.33.506120 (e3e53437346286c0bc2d2dc9aa4915ba81d9023f), userDataDir=C:\Users\Hussain\AppData\Local\Temp\scoped_dir340_25261}, takesHeapSnapshot=true, pageLoadStrategy=normal, databaseEnabled=false, handlesAlerts=true, hasTouchScreen=false, version=65.0.3325.181, platform=XP, browserConnectionEnabled=false, nativeEvents=true, acceptSslCerts=true, locationContextEnabled=true, webStorageEnabled=true, browserName=chrome, takesScreenshot=true, javascriptEnabled=true, cssSelectorsEnabled=true, setWindowRect=true, unexpectedAlertBehaviour=}]
Session ID: fb46a7244e7ddb400a3b36b9f2ddc73a
	at sun.reflect.NativeConstructorAccessorImpl.newInstance0(Native Method)
	at sun.reflect.NativeConstructorAccessorImpl.newInstance(Unknown Source)
	at sun.reflect.DelegatingConstructorAccessorImpl.newInstance(Unknown Source)
	at java.lang.reflect.Constructor.newInstance(Unknown Source)
	at org.openqa.selenium.remote.ErrorHandler.createThrowable(ErrorHandler.java:206)
	at org.openqa.selenium.remote.ErrorHandler.throwIfResponseFailed(ErrorHandler.java:158)
	at org.openqa.selenium.remote.RemoteWebDriver.execute(RemoteWebDriver.java:678)
	at org.openqa.selenium.remote.RemoteWebElement.execute(RemoteWebElement.java:327)
	at org.openqa.selenium.remote.RemoteWebElement.click(RemoteWebElement.java:85)
	at sample.Cross.spicejet(Cross.java:66)
	at sun.reflect.NativeMethodAccessorImpl.invoke0(Native Method)
	at sun.reflect.NativeMethodAccessorImpl.invoke(Unknown Source)
	at sun.reflect.DelegatingMethodAccessorImpl.invoke(Unknown Source)
	at java.lang.reflect.Method.invoke(Unknown Source)
	at org.testng.internal.MethodInvocationHelper.invokeMethod(MethodInvocationHelper.java:85)
	at org.testng.internal.Invoker.invokeMethod(Invoker.java:639)
	at org.testng.internal.Invoker.invokeTestMethod(Invoker.java:816)
	at org.testng.internal.Invoker.invokeTestMethods(Invoker.java:1124)
	at org.testng.internal.TestMethodWorker.invokeTestMethods(TestMethodWorker.java:125)
	at org.testng.internal.TestMethodWorker.run(TestMethodWorker.java:108)
	at org.testng.TestRunner.privateRun(TestRunner.java:774)
	at org.testng.TestRunner.run(TestRunner.java:624)
	at org.testng.SuiteRunner.runTest(SuiteRunner.java:359)
	at org.testng.SuiteRunner.access$000(SuiteRunner.java:39)
	at org.testng.SuiteRunner$SuiteWorker.run(SuiteRunner.java:393)
	at org.testng.internal.thread.ThreadUtil$2.call(ThreadUtil.java:64)
	at java.util.concurrent.FutureTask.run(Unknown Source)
	at java.util.concurrent.ThreadPoolExecutor.runWorker(Unknown Source)
	at java.util.concurrent.ThreadPoolExecutor$Worker.run(Unknown Source)
	at java.lang.Thread.run(Unknown Source)
]]>
            </full-stacktrace>
          </exception> <!-- org.openqa.selenium.WebDriverException -->
          <reporter-output>
            <line>
              <![CDATA[Completed executing following method : Cross.spicejet]]>
            </line>
            <line>
              <![CDATA[Test Method resides in sample.Cross]]>
            </line>
            <line>
              <![CDATA[Test Status: Failed]]>
            </line>
          </reporter-output>
        </test-method> <!-- spicejet -->
        <test-method status="PASS" signature="afterTest()[pri:0, instance:sample.Cross@4157f54e]" name="afterTest" is-config="true" duration-ms="0" started-at="2018-04-10T13:58:53Z" finished-at="2018-04-10T13:58:53Z">
          <reporter-output>
            <line>
              <![CDATA[Completed executing following method : Cross.afterTest]]>
            </line>
          </reporter-output>
        </test-method> <!-- afterTest -->
      </class> <!-- sample.Cross -->
    </test> <!-- Chore tests -->
    <test name="FirefoxTest" duration-ms="40219" started-at="2018-04-10T08:28:27Z" finished-at="2018-04-10T08:29:08Z">
      <class name="sample.Cross">
        <test-method status="PASS" signature="beforeTest(java.lang.String)[pri:0, instance:sample.Cross@13fee20c]" name="beforeTest" is-config="true" duration-ms="31820" started-at="2018-04-10T13:58:27Z" finished-at="2018-04-10T13:58:59Z">
          <params>
            <param index="0">
              <value>
                <![CDATA[gecko]]>
              </value>
            </param>
          </params>
          <reporter-output>
            <line>
              <![CDATA[Completed executing following method : Cross.beforeTest]]>
            </line>
          </reporter-output>
        </test-method> <!-- beforeTest -->
        <test-method status="PASS" signature="gmail()[pri:0, instance:sample.Cross@13fee20c]" name="gmail" duration-ms="8389" started-at="2018-04-10T13:58:59Z" finished-at="2018-04-10T13:59:08Z">
          <reporter-output>
            <line>
              <![CDATA[Completed executing following method : Cross.gmail]]>
            </line>
            <line>
              <![CDATA[Test Method resides in sample.Cross]]>
            </line>
            <line>
              <![CDATA[Test Status: Pass]]>
            </line>
          </reporter-output>
        </test-method> <!-- gmail -->
        <test-method status="PASS" signature="afterTest()[pri:0, instance:sample.Cross@13fee20c]" name="afterTest" is-config="true" duration-ms="1" started-at="2018-04-10T13:59:08Z" finished-at="2018-04-10T13:59:08Z">
          <reporter-output>
            <line>
              <![CDATA[Completed executing following method : Cross.afterTest]]>
            </line>
          </reporter-output>
        </test-method> <!-- afterTest -->
      </class> <!-- sample.Cross -->
    </test> <!-- FirefoxTest -->
  </suite> <!-- Suite -->
</testng-results>
