<?xml version="1.0" encoding="UTF-8"?>
<testsuite name="TestSuite" time="19.879" tests="5" errors="0" skipped="2" failures="3">
  <properties>
[...]
</properties>
  <testcase name="spicejet" classname="sample.Cross" time="0.016">
    <failure type="java.lang.NullPointerException:">java.lang.NullPointerException: null
	at sample.Cross.spicejet(Cross.java:59)
</failure>
    <system-out><![CDATA[About to begin executing Suite Suite
About to begin executing Test FirefoxTest
About to begin executing Test Chore tests
About to begin executing Test IETest
About to begin executing following method : Cross.beforeTest
About to begin executing following method : Cross.beforeTest
About to begin executing following method : Cross.beforeTest
Completed executing following method : Cross.beforeTest
The execution of the main test starts now
About to begin executing following method : Cross.spicejet
Completed executing following method : Cross.beforeTest
The execution of the main test starts now
About to begin executing following method : Cross.spicejet
Completed executing following method : Cross.spicejet
]]></system-out>
    <system-err><![CDATA[Started InternetExplorerDriver server (64-bit)
2.53.1.0
Listening on port 3392
Only local connections are allowed
Starting ChromeDriver 2.33.506120 (e3e53437346286c0bc2d2dc9aa4915ba81d9023f) on port 34426
Only local connections are allowed.
]]></system-err>
  </testcase>
  <testcase name="spicejet" classname="sample.Cross" time="5.749">
    <failure message="no such element: Unable to locate element: {&quot;method&quot;:&quot;xpath&quot;,&quot;selector&quot;:&quot;//*[@id=&quot;ui-datepicker-div&quot;]/div[1]/table/tbody/tr[3]/td[6]/a&quot;}&#10;  (Session info: chrome=66.0.3359.181)&#10;  (Driver info: chromedriver=2.33.506120 (e3e53437346286c0bc2d2dc9aa4915ba81d9023f),platform=Windows NT 10.0.16299 x86_64) (WARNING: The server did not provide any stacktrace information)&#10;Command duration or timeout: 20.11 seconds&#10;For documentation on this error, please visit: http://seleniumhq.org/exceptions/no_such_element.html&#10;Build info: version: &apos;2.53.1&apos;, revision: &apos;a36b8b1cd5757287168e54b817830adce9b0158d&apos;, time: &apos;2016-06-30 19:26:09&apos;&#10;System info: host: &apos;DESKTOP-T7322OL&apos;, ip: &apos;192.168.1.6&apos;, os.name: &apos;Windows 10&apos;, os.arch: &apos;amd64&apos;, os.version: &apos;10.0&apos;, java.version: &apos;1.8.0_121&apos;&#10;Driver info: org.openqa.selenium.chrome.ChromeDriver&#10;Capabilities [{applicationCacheEnabled=false, rotatable=false, mobileEmulationEnabled=false, networkConnectionEnabled=false, chrome={chromedriverVersion=2.33.506120 (e3e53437346286c0bc2d2dc9aa4915ba81d9023f), userDataDir=C:\Users\Hussain\AppData\Local\Temp\scoped_dir664_3688}, takesHeapSnapshot=true, pageLoadStrategy=normal, databaseEnabled=false, handlesAlerts=true, hasTouchScreen=false, version=66.0.3359.181, platform=XP, browserConnectionEnabled=false, nativeEvents=true, acceptSslCerts=true, locationContextEnabled=true, webStorageEnabled=true, browserName=chrome, takesScreenshot=true, javascriptEnabled=true, cssSelectorsEnabled=true, setWindowRect=true, unexpectedAlertBehaviour=}]&#10;Session ID: 48fd9342f929e78f5857c1d676f63f1a&#10;*** Element info: {Using=xpath, value=//*[@id=&quot;ui-datepicker-div&quot;]/div[1]/table/tbody/tr[3]/td[6]/a}" type="org.openqa.selenium.NoSuchElementException">org.openqa.selenium.NoSuchElementException: no such element: Unable to locate element: {"method":"xpath","selector":"//*[@id="ui-datepicker-div"]/div[1]/table/tbody/tr[3]/td[6]/a"}
  (Session info: chrome=66.0.3359.181)
  (Driver info: chromedriver=2.33.506120 (e3e53437346286c0bc2d2dc9aa4915ba81d9023f),platform=Windows NT 10.0.16299 x86_64) (WARNING: The server did not provide any stacktrace information)
Command duration or timeout: 20.11 seconds
For documentation on this error, please visit: http://seleniumhq.org/exceptions/no_such_element.html
Build info: version: '2.53.1', revision: 'a36b8b1cd5757287168e54b817830adce9b0158d', time: '2016-06-30 19:26:09'
System info: host: 'DESKTOP-T7322OL', ip: '192.168.1.6', os.name: 'Windows 10', os.arch: 'amd64', os.version: '10.0', java.version: '1.8.0_121'
Driver info: org.openqa.selenium.chrome.ChromeDriver
Capabilities [{applicationCacheEnabled=false, rotatable=false, mobileEmulationEnabled=false, networkConnectionEnabled=false, chrome={chromedriverVersion=2.33.506120 (e3e53437346286c0bc2d2dc9aa4915ba81d9023f), userDataDir=C:\Users\Hussain\AppData\Local\Temp\scoped_dir664_3688}, takesHeapSnapshot=true, pageLoadStrategy=normal, databaseEnabled=false, handlesAlerts=true, hasTouchScreen=false, version=66.0.3359.181, platform=XP, browserConnectionEnabled=false, nativeEvents=true, acceptSslCerts=true, locationContextEnabled=true, webStorageEnabled=true, browserName=chrome, takesScreenshot=true, javascriptEnabled=true, cssSelectorsEnabled=true, setWindowRect=true, unexpectedAlertBehaviour=}]
Session ID: 48fd9342f929e78f5857c1d676f63f1a
*** Element info: {Using=xpath, value=//*[@id="ui-datepicker-div"]/div[1]/table/tbody/tr[3]/td[6]/a}
	at sun.reflect.NativeConstructorAccessorImpl.newInstance0(Native Method)
	at sun.reflect.NativeConstructorAccessorImpl.newInstance(Unknown Source)
	at sun.reflect.DelegatingConstructorAccessorImpl.newInstance(Unknown Source)
	at java.lang.reflect.Constructor.newInstance(Unknown Source)
	at org.openqa.selenium.remote.ErrorHandler.createThrowable(ErrorHandler.java:206)
	at org.openqa.selenium.remote.ErrorHandler.throwIfResponseFailed(ErrorHandler.java:158)
	at org.openqa.selenium.remote.RemoteWebDriver.execute(RemoteWebDriver.java:678)
	at org.openqa.selenium.remote.RemoteWebDriver.findElement(RemoteWebDriver.java:363)
	at org.openqa.selenium.remote.RemoteWebDriver.findElementByXPath(RemoteWebDriver.java:500)
	at org.openqa.selenium.By$ByXPath.findElement(By.java:361)
	at org.openqa.selenium.remote.RemoteWebDriver.findElement(RemoteWebDriver.java:355)
	at sample.Cross.spicejet(Cross.java:65)
</failure>
    <system-out><![CDATA[Completed executing test FirefoxTest
Completed executing following method : Cross.spicejet
]]></system-out>
  </testcase>
  <testcase name="beforeTest" classname="sample.Cross" time="19.863">
    <failure message="Failed to connect to binary FirefoxBinary(C:\Program Files\Mozilla Firefox\firefox.exe) on port 7055; process output follows: &#10; addon app-global:{972ce4c6-7e08-4474-a285-3208198ce6fd} visible&#10;1526733593362	DeferredSave.extensions.json	DEBUG	Save changes&#10;1526733593362	addons.xpi	DEBUG	Updating XPIState for {&quot;id&quot;:&quot;fxdriver@googlecode.com&quot;,&quot;syncGUID&quot;:&quot;-GKSwgLqmnao&quot;,&quot;location&quot;:&quot;app-profile&quot;,&quot;version&quot;:&quot;2.53.1&quot;,&quot;type&quot;:&quot;extension&quot;,&quot;internalName&quot;:null,&quot;updateURL&quot;:null,&quot;updateKey&quot;:null,&quot;optionsURL&quot;:null,&quot;optionsType&quot;:null,&quot;aboutURL&quot;:null,&quot;iconURL&quot;:null,&quot;icon64URL&quot;:null,&quot;defaultLocale&quot;:{&quot;name&quot;:&quot;Firefox WebDriver&quot;,&quot;description&quot;:&quot;WebDriver implementation for Firefox&quot;,&quot;creator&quot;:&quot;Simon Stewart&quot;,&quot;homepageURL&quot;:null},&quot;visible&quot;:true,&quot;active&quot;:true,&quot;userDisabled&quot;:false,&quot;appDisabled&quot;:false,&quot;descriptor&quot;:&quot;C:\\Users\\Hussain\\AppData\\Local\\Temp\\anonymous4140465451994207999webdriver-profile\\extensions\\fxdriver@googlecode.com&quot;,&quot;installDate&quot;:1526733564733,&quot;updateDate&quot;:1526733564733,&quot;applyBackgroundUpdates&quot;:1,&quot;bootstrap&quot;:false,&quot;size&quot;:3249525,&quot;sourceURI&quot;:null,&quot;releaseNotesURI&quot;:null,&quot;softDisabled&quot;:false,&quot;foreignInstall&quot;:true,&quot;hasBinaryComponents&quot;:true,&quot;strictCompatibility&quot;:false,&quot;locales&quot;:[],&quot;targetApplications&quot;:[{&quot;id&quot;:&quot;{ec8030f7-c20a-464f-9b0e-13a3a9e97384}&quot;,&quot;minVersion&quot;:&quot;3.0&quot;,&quot;maxVersion&quot;:&quot;48.0&quot;}],&quot;targetPlatforms&quot;:[{&quot;os&quot;:&quot;Darwin&quot;,&quot;abi&quot;:null},{&quot;os&quot;:&quot;SunOS&quot;,&quot;abi&quot;:null},{&quot;os&quot;:&quot;FreeBSD&quot;,&quot;abi&quot;:null},{&quot;os&quot;:&quot;OpenBSD&quot;,&quot;abi&quot;:null},{&quot;os&quot;:&quot;WINNT&quot;,&quot;abi&quot;:null},{&quot;os&quot;:&quot;Linux&quot;,&quot;abi&quot;:null}],&quot;multiprocessCompatible&quot;:false,&quot;signedState&quot;:0}&#10;1526733593363	addons.xpi	DEBUG	getModTime: Recursive scan of fxdriver@googlecode.com&#10;1526733593423	addons.xpi	DEBUG	Updating XPIState for {&quot;id&quot;:&quot;{972ce4c6-7e08-4474-a285-3208198ce6fd}&quot;,&quot;syncGUID&quot;:&quot;OAvIzMiyC8zv&quot;,&quot;location&quot;:&quot;app-global&quot;,&quot;version&quot;:&quot;43.0.4&quot;,&quot;type&quot;:&quot;theme&quot;,&quot;internalName&quot;:&quot;classic/1.0&quot;,&quot;updateURL&quot;:null,&quot;updateKey&quot;:null,&quot;optionsURL&quot;:null,&quot;optionsType&quot;:null,&quot;aboutURL&quot;:null,&quot;iconURL&quot;:null,&quot;icon64URL&quot;:null,&quot;defaultLocale&quot;:{&quot;name&quot;:&quot;Default&quot;,&quot;description&quot;:&quot;The default theme.&quot;,&quot;creator&quot;:&quot;Mozilla&quot;,&quot;homepageURL&quot;:null,&quot;contributors&quot;:[&quot;Mozilla Contributors&quot;]},&quot;visible&quot;:true,&quot;active&quot;:true,&quot;userDisabled&quot;:false,&quot;appDisabled&quot;:false,&quot;descriptor&quot;:&quot;C:\\Program Files\\Mozilla Firefox\\browser\\extensions\\{972ce4c6-7e08-4474-a285-3208198ce6fd}&quot;,&quot;installDate&quot;:1523247551202,&quot;updateDate&quot;:1523247551202,&quot;applyBackgroundUpdates&quot;:1,&quot;skinnable&quot;:true,&quot;size&quot;:24172,&quot;sourceURI&quot;:null,&quot;releaseNotesURI&quot;:null,&quot;softDisabled&quot;:false,&quot;foreignInstall&quot;:false,&quot;hasBinaryComponents&quot;:false,&quot;strictCompatibility&quot;:true,&quot;locales&quot;:[],&quot;targetApplications&quot;:[{&quot;id&quot;:&quot;{ec8030f7-c20a-464f-9b0e-13a3a9e97384}&quot;,&quot;minVersion&quot;:&quot;43.0.4&quot;,&quot;maxVersion&quot;:&quot;43.0.4&quot;}],&quot;targetPlatforms&quot;:[]}&#10;1526733593426	addons.xpi	DEBUG	getModTime: Recursive scan of {972ce4c6-7e08-4474-a285-3208198ce6fd}&#10;1526733593429	DeferredSave.extensions.json	DEBUG	Save changes&#10;1526733593429	addons.xpi	DEBUG	Updating database with changes to installed add-ons&#10;1526733593429	addons.xpi-utils	DEBUG	Updating add-on states&#10;1526733593432	addons.xpi-utils	DEBUG	Writing add-ons list&#10;1526733593456	addons.manager	DEBUG	Registering shutdown blocker for XPIProvider&#10;1526733593532	addons.manager	DEBUG	Provider finished startup: XPIProvider&#10;1526733593532	addons.manager	DEBUG	Starting provider: LightweightThemeManager&#10;1526733593532	addons.manager	DEBUG	Registering shutdown blocker for LightweightThemeManager&#10;1526733593533	addons.manager	DEBUG	Provider finished startup: LightweightThemeManager&#10;1526733593533	addons.manager	DEBUG	Starting provider: GMPProvider&#10;1526733593651	addons.manager	DEBUG	Registering shutdown blocker for GMPProvider&#10;1526733593652	addons.manager	DEBUG	Provider finished startup: GMPProvider&#10;1526733593652	addons.manager	DEBUG	Starting provider: PluginProvider&#10;1526733593653	addons.manager	DEBUG	Registering shutdown blocker for PluginProvider&#10;1526733593653	addons.manager	DEBUG	Provider finished startup: PluginProvider&#10;1526733593654	addons.manager	DEBUG	Completed startup sequence&#10;1526733606768	addons.manager	DEBUG	Starting provider: &lt;unnamed-provider&gt;&#10;1526733606768	addons.manager	DEBUG	Registering shutdown blocker for &lt;unnamed-provider&gt;&#10;1526733606768	addons.manager	DEBUG	Provider finished startup: &lt;unnamed-provider&gt;&#10;&#10;Build info: version: &apos;2.53.1&apos;, revision: &apos;a36b8b1cd5757287168e54b817830adce9b0158d&apos;, time: &apos;2016-06-30 19:26:09&apos;&#10;System info: host: &apos;DESKTOP-T7322OL&apos;, ip: &apos;192.168.1.6&apos;, os.name: &apos;Windows 10&apos;, os.arch: &apos;amd64&apos;, os.version: &apos;10.0&apos;, java.version: &apos;1.8.0_121&apos;&#10;Driver info: driver.version: FirefoxDriver" type="org.openqa.selenium.WebDriverException"><![CDATA[org.openqa.selenium.WebDriverException: Failed to connect to binary FirefoxBinary(C:\Program Files\Mozilla Firefox\firefox.exe) on port 7055; process output follows: 
 addon app-global:{972ce4c6-7e08-4474-a285-3208198ce6fd} visible
1526733593362	DeferredSave.extensions.json	DEBUG	Save changes
1526733593362	addons.xpi	DEBUG	Updating XPIState for {"id":"fxdriver@googlecode.com","syncGUID":"-GKSwgLqmnao","location":"app-profile","version":"2.53.1","type":"extension","internalName":null,"updateURL":null,"updateKey":null,"optionsURL":null,"optionsType":null,"aboutURL":null,"iconURL":null,"icon64URL":null,"defaultLocale":{"name":"Firefox WebDriver","description":"WebDriver implementation for Firefox","creator":"Simon Stewart","homepageURL":null},"visible":true,"active":true,"userDisabled":false,"appDisabled":false,"descriptor":"C:\\Users\\Hussain\\AppData\\Local\\Temp\\anonymous4140465451994207999webdriver-profile\\extensions\\fxdriver@googlecode.com","installDate":1526733564733,"updateDate":1526733564733,"applyBackgroundUpdates":1,"bootstrap":false,"size":3249525,"sourceURI":null,"releaseNotesURI":null,"softDisabled":false,"foreignInstall":true,"hasBinaryComponents":true,"strictCompatibility":false,"locales":[],"targetApplications":[{"id":"{ec8030f7-c20a-464f-9b0e-13a3a9e97384}","minVersion":"3.0","maxVersion":"48.0"}],"targetPlatforms":[{"os":"Darwin","abi":null},{"os":"SunOS","abi":null},{"os":"FreeBSD","abi":null},{"os":"OpenBSD","abi":null},{"os":"WINNT","abi":null},{"os":"Linux","abi":null}],"multiprocessCompatible":false,"signedState":0}
1526733593363	addons.xpi	DEBUG	getModTime: Recursive scan of fxdriver@googlecode.com
1526733593423	addons.xpi	DEBUG	Updating XPIState for {"id":"{972ce4c6-7e08-4474-a285-3208198ce6fd}","syncGUID":"OAvIzMiyC8zv","location":"app-global","version":"43.0.4","type":"theme","internalName":"classic/1.0","updateURL":null,"updateKey":null,"optionsURL":null,"optionsType":null,"aboutURL":null,"iconURL":null,"icon64URL":null,"defaultLocale":{"name":"Default","description":"The default theme.","creator":"Mozilla","homepageURL":null,"contributors":["Mozilla Contributors"]},"visible":true,"active":true,"userDisabled":false,"appDisabled":false,"descriptor":"C:\\Program Files\\Mozilla Firefox\\browser\\extensions\\{972ce4c6-7e08-4474-a285-3208198ce6fd}","installDate":1523247551202,"updateDate":1523247551202,"applyBackgroundUpdates":1,"skinnable":true,"size":24172,"sourceURI":null,"releaseNotesURI":null,"softDisabled":false,"foreignInstall":false,"hasBinaryComponents":false,"strictCompatibility":true,"locales":[],"targetApplications":[{"id":"{ec8030f7-c20a-464f-9b0e-13a3a9e97384}","minVersion":"43.0.4","maxVersion":"43.0.4"}],"targetPlatforms":[]}
1526733593426	addons.xpi	DEBUG	getModTime: Recursive scan of {972ce4c6-7e08-4474-a285-3208198ce6fd}
1526733593429	DeferredSave.extensions.json	DEBUG	Save changes
1526733593429	addons.xpi	DEBUG	Updating database with changes to installed add-ons
1526733593429	addons.xpi-utils	DEBUG	Updating add-on states
1526733593432	addons.xpi-utils	DEBUG	Writing add-ons list
1526733593456	addons.manager	DEBUG	Registering shutdown blocker for XPIProvider
1526733593532	addons.manager	DEBUG	Provider finished startup: XPIProvider
1526733593532	addons.manager	DEBUG	Starting provider: LightweightThemeManager
1526733593532	addons.manager	DEBUG	Registering shutdown blocker for LightweightThemeManager
1526733593533	addons.manager	DEBUG	Provider finished startup: LightweightThemeManager
1526733593533	addons.manager	DEBUG	Starting provider: GMPProvider
1526733593651	addons.manager	DEBUG	Registering shutdown blocker for GMPProvider
1526733593652	addons.manager	DEBUG	Provider finished startup: GMPProvider
1526733593652	addons.manager	DEBUG	Starting provider: PluginProvider
1526733593653	addons.manager	DEBUG	Registering shutdown blocker for PluginProvider
1526733593653	addons.manager	DEBUG	Provider finished startup: PluginProvider
1526733593654	addons.manager	DEBUG	Completed startup sequence
1526733606768	addons.manager	DEBUG	Starting provider: <unnamed-provider>
1526733606768	addons.manager	DEBUG	Registering shutdown blocker for <unnamed-provider>
1526733606768	addons.manager	DEBUG	Provider finished startup: <unnamed-provider>

Build info: version: '2.53.1', revision: 'a36b8b1cd5757287168e54b817830adce9b0158d', time: '2016-06-30 19:26:09'
System info: host: 'DESKTOP-T7322OL', ip: '192.168.1.6', os.name: 'Windows 10', os.arch: 'amd64', os.version: '10.0', java.version: '1.8.0_121'
Driver info: driver.version: FirefoxDriver
	at org.openqa.selenium.firefox.internal.NewProfileExtensionConnection.start(NewProfileExtensionConnection.java:113)
	at org.openqa.selenium.firefox.FirefoxDriver.startClient(FirefoxDriver.java:271)
	at org.openqa.selenium.remote.RemoteWebDriver.<init>(RemoteWebDriver.java:119)
	at org.openqa.selenium.firefox.FirefoxDriver.<init>(FirefoxDriver.java:216)
	at org.openqa.selenium.firefox.FirefoxDriver.<init>(FirefoxDriver.java:211)
	at org.openqa.selenium.firefox.FirefoxDriver.<init>(FirefoxDriver.java:207)
	at org.openqa.selenium.firefox.FirefoxDriver.<init>(FirefoxDriver.java:120)
	at sample.Cross.beforeTest(Cross.java:39)
]]></failure>
    <system-out><![CDATA[Test Method resides in sample.Cross
Test Status: Failed
About to begin executing following method : Cross.afterTest
Completed executing following method : Cross.afterTest
Completed executing test IETest
Completed executing following method : Cross.beforeTest
]]></system-out>
    <system-err><![CDATA[org.openqa.selenium.firefox.NotConnectedException: Unable to connect to host 127.0.0.1 on port 7055 after 45000 ms. Firefox console output:
 addon app-global:{972ce4c6-7e08-4474-a285-3208198ce6fd} visible
1526733593362	DeferredSave.extensions.json	DEBUG	Save changes
1526733593362	addons.xpi	DEBUG	Updating XPIState for {"id":"fxdriver@googlecode.com","syncGUID":"-GKSwgLqmnao","location":"app-profile","version":"2.53.1","type":"extension","internalName":null,"updateURL":null,"updateKey":null,"optionsURL":null,"optionsType":null,"aboutURL":null,"iconURL":null,"icon64URL":null,"defaultLocale":{"name":"Firefox WebDriver","description":"WebDriver implementation for Firefox","creator":"Simon Stewart","homepageURL":null},"visible":true,"active":true,"userDisabled":false,"appDisabled":false,"descriptor":"C:\\Users\\Hussain\\AppData\\Local\\Temp\\anonymous4140465451994207999webdriver-profile\\extensions\\fxdriver@googlecode.com","installDate":1526733564733,"updateDate":1526733564733,"applyBackgroundUpdates":1,"bootstrap":false,"size":3249525,"sourceURI":null,"releaseNotesURI":null,"softDisabled":false,"foreignInstall":true,"hasBinaryComponents":true,"strictCompatibility":false,"locales":[],"targetApplications":[{"id":"{ec8030f7-c20a-464f-9b0e-13a3a9e97384}","minVersion":"3.0","maxVersion":"48.0"}],"targetPlatforms":[{"os":"Darwin","abi":null},{"os":"SunOS","abi":null},{"os":"FreeBSD","abi":null},{"os":"OpenBSD","abi":null},{"os":"WINNT","abi":null},{"os":"Linux","abi":null}],"multiprocessCompatible":false,"signedState":0}
1526733593363	addons.xpi	DEBUG	getModTime: Recursive scan of fxdriver@googlecode.com
1526733593423	addons.xpi	DEBUG	Updating XPIState for {"id":"{972ce4c6-7e08-4474-a285-3208198ce6fd}","syncGUID":"OAvIzMiyC8zv","location":"app-global","version":"43.0.4","type":"theme","internalName":"classic/1.0","updateURL":null,"updateKey":null,"optionsURL":null,"optionsType":null,"aboutURL":null,"iconURL":null,"icon64URL":null,"defaultLocale":{"name":"Default","description":"The default theme.","creator":"Mozilla","homepageURL":null,"contributors":["Mozilla Contributors"]},"visible":true,"active":true,"userDisabled":false,"appDisabled":false,"descriptor":"C:\\Program Files\\Mozilla Firefox\\browser\\extensions\\{972ce4c6-7e08-4474-a285-3208198ce6fd}","installDate":1523247551202,"updateDate":1523247551202,"applyBackgroundUpdates":1,"skinnable":true,"size":24172,"sourceURI":null,"releaseNotesURI":null,"softDisabled":false,"foreignInstall":false,"hasBinaryComponents":false,"strictCompatibility":true,"locales":[],"targetApplications":[{"id":"{ec8030f7-c20a-464f-9b0e-13a3a9e97384}","minVersion":"43.0.4","maxVersion":"43.0.4"}],"targetPlatforms":[]}
1526733593426	addons.xpi	DEBUG	getModTime: Recursive scan of {972ce4c6-7e08-4474-a285-3208198ce6fd}
1526733593429	DeferredSave.extensions.json	DEBUG	Save changes
1526733593429	addons.xpi	DEBUG	Updating database with changes to installed add-ons
1526733593429	addons.xpi-utils	DEBUG	Updating add-on states
1526733593432	addons.xpi-utils	DEBUG	Writing add-ons list
1526733593456	addons.manager	DEBUG	Registering shutdown blocker for XPIProvider
1526733593532	addons.manager	DEBUG	Provider finished startup: XPIProvider
1526733593532	addons.manager	DEBUG	Starting provider: LightweightThemeManager
1526733593532	addons.manager	DEBUG	Registering shutdown blocker for LightweightThemeManager
1526733593533	addons.manager	DEBUG	Provider finished startup: LightweightThemeManager
1526733593533	addons.manager	DEBUG	Starting provider: GMPProvider
1526733593651	addons.manager	DEBUG	Registering shutdown blocker for GMPProvider
1526733593652	addons.manager	DEBUG	Provider finished startup: GMPProvider
1526733593652	addons.manager	DEBUG	Starting provider: PluginProvider
1526733593653	addons.manager	DEBUG	Registering shutdown blocker for PluginProvider
1526733593653	addons.manager	DEBUG	Provider finished startup: PluginProvider
1526733593654	addons.manager	DEBUG	Completed startup sequence
1526733606768	addons.manager	DEBUG	Starting provider: <unnamed-provider>
1526733606768	addons.manager	DEBUG	Registering shutdown blocker for <unnamed-provider>
1526733606768	addons.manager	DEBUG	Provider finished startup: <unnamed-provider>

	at org.openqa.selenium.firefox.internal.NewProfileExtensionConnection.start(NewProfileExtensionConnection.java:113)
	at org.openqa.selenium.firefox.FirefoxDriver.startClient(FirefoxDriver.java:271)
	at org.openqa.selenium.remote.RemoteWebDriver.<init>(RemoteWebDriver.java:119)
	at org.openqa.selenium.firefox.FirefoxDriver.<init>(FirefoxDriver.java:216)
	at org.openqa.selenium.firefox.FirefoxDriver.<init>(FirefoxDriver.java:211)
	at org.openqa.selenium.firefox.FirefoxDriver.<init>(FirefoxDriver.java:207)
	at org.openqa.selenium.firefox.FirefoxDriver.<init>(FirefoxDriver.java:120)
	at sample.Cross.beforeTest(Cross.java:39)
	at sun.reflect.NativeMethodAccessorImpl.invoke0(Native Method)
	at sun.reflect.NativeMethodAccessorImpl.invoke(Unknown Source)
	at sun.reflect.DelegatingMethodAccessorImpl.invoke(Unknown Source)
	at java.lang.reflect.Method.invoke(Unknown Source)
	at org.testng.internal.MethodInvocationHelper.invokeMethod(MethodInvocationHelper.java:85)
	at org.testng.internal.Invoker.invokeConfigurationMethod(Invoker.java:510)
	at org.testng.internal.Invoker.invokeConfigurations(Invoker.java:211)
	at org.testng.internal.Invoker.invokeConfigurations(Invoker.java:138)
	at org.testng.TestRunner.beforeRun(TestRunner.java:648)
	at org.testng.TestRunner.run(TestRunner.java:616)
	at org.testng.SuiteRunner.runTest(SuiteRunner.java:359)
	at org.testng.SuiteRunner.access$000(SuiteRunner.java:39)
	at org.testng.SuiteRunner$SuiteWorker.run(SuiteRunner.java:393)
	at org.testng.internal.thread.ThreadUtil$2.call(ThreadUtil.java:64)
	at java.util.concurrent.FutureTask.run(Unknown Source)
	at java.util.concurrent.ThreadPoolExecutor.runWorker(Unknown Source)
	at java.util.concurrent.ThreadPoolExecutor$Worker.run(Unknown Source)
	at java.lang.Thread.run(Unknown Source)
]]></system-err>
  </testcase>
  <testcase name="gmail" classname="sample.Cross" time="0">
    <skipped/>
    <system-out><![CDATA[The execution of the main test starts now
About to begin executing following method : Cross.gmail
Completed executing following method : Cross.gmail
]]></system-out>
  </testcase>
  <testcase name="afterTest" classname="sample.Cross" time="0">
    <skipped/>
    <system-out><![CDATA[Test Method resides in sample.Cross
Test Status: Skipped
]]></system-out>
  </testcase>
</testsuite>