<?xml version="1.0" encoding="UTF-8"?>
<testng-results skipped="0" failed="0" total="1" passed="1">
  <reporter-output>
  </reporter-output>
  <suite name="Default suite" duration-ms="32553" started-at="2018-04-08T15:54:03Z" finished-at="2018-04-08T15:54:36Z">
    <groups>
    </groups>
    <test name="Default test" duration-ms="32553" started-at="2018-04-08T15:54:03Z" finished-at="2018-04-08T15:54:36Z">
      <class name="p.Webtable">
        <test-method status="PASS" signature="MaxFromTable()[pri:0, instance:p.Webtable@2f686d1f]" name="MaxFromTable" duration-ms="32510" started-at="2018-04-08T21:24:03Z" finished-at="2018-04-08T21:24:36Z">
          <reporter-output>
          </reporter-output>
        </test-method> <!-- MaxFromTable -->
      </class> <!-- p.Webtable -->
    </test> <!-- Default test -->
  </suite> <!-- Default suite -->
</testng-results>
